<?xml version="1.0" encoding="UTF-8"?>
<!-- Generated by org.testng.reporters.JUnitXMLReporter -->
<testsuite hostname="DESKTOP-A308PVU" ignored="0" name="Test" tests="10" failures="2" timestamp="01 Sep 2022 13:17:15 GMT" time="0.062" errors="0">
  <testcase name="tc1" time="0.009" classname="testngframework.Reruntestcases"/>
  <testcase name="tc2" time="0.005" classname="testngframework.Reruntestcases">
    <skipped/>
  </testcase> <!-- tc2 -->
  <testcase name="tc2" time="0.005" classname="testngframework.Reruntestcases">
    <skipped/>
  </testcase> <!-- tc2 -->
  <testcase name="tc2" time="0.0" classname="testngframework.Reruntestcases">
    <skipped/>
  </testcase> <!-- tc2 -->
  <testcase name="tc2" time="0.0" classname="testngframework.Reruntestcases">
    <failure type="java.lang.AssertionError" message="checking expected [true] but found [false]">
      <![CDATA[java.lang.AssertionError: checking expected [true] but found [false]
	at testngframework.Reruntestcases.tc2(Reruntestcases.java:17)
... Removed 28 stack frames]]>
    </failure>
  </testcase> <!-- tc2 -->
  <testcase name="tc3" time="0.0" classname="testngframework.Reruntestcases">
    <skipped/>
  </testcase> <!-- tc3 -->
  <testcase name="tc3" time="0.0" classname="testngframework.Reruntestcases">
    <skipped/>
  </testcase> <!-- tc3 -->
  <testcase name="tc3" time="0.0" classname="testngframework.Reruntestcases">
    <skipped/>
  </testcase> <!-- tc3 -->
  <testcase name="tc3" time="0.0" classname="testngframework.Reruntestcases">
    <failure type="java.lang.AssertionError" message="checking expected [true] but found [false]">
      <![CDATA[java.lang.AssertionError: checking expected [true] but found [false]
	at testngframework.Reruntestcases.tc3(Reruntestcases.java:28)
... Removed 28 stack frames]]>
    </failure>
  </testcase> <!-- tc3 -->
  <testcase name="tc4" time="0.0" classname="testngframework.Reruntestcases"/>
</testsuite> <!-- Test -->
